<?xml version="1.0" encoding="UTF-8"?>
<robot generator="Robot 7.4.1 (Python 3.14.2 on win32)" generated="2025-12-27T18:42:45.566428" rpa="false" schemaversion="5">
<suite id="s1" name="Lab08" source="C:\Users\Chana\TestAutomationLab\Lab08.robot">
<test id="s1-t1" name="Register Fail Invalid Phone Number" line="8">
<kw name="Open Browser" owner="SeleniumLibrary">
<msg time="2025-12-27T18:42:45.929547" level="INFO">Opening browser 'chrome' to base url 'file:///C:\Users\Chana\TestAutomationLab/StarterFiles/Registration.html'.</msg>
<arg>${URL}</arg>
<arg>chrome</arg>
<doc>Opens a new browser instance to the optional ``url``.</doc>
<status status="PASS" start="2025-12-27T18:42:45.929235" elapsed="1.421015"/>
</kw>
<kw name="Maximize Browser Window" owner="SeleniumLibrary">
<doc>Maximizes current browser window.</doc>
<status status="PASS" start="2025-12-27T18:42:47.351101" elapsed="0.059716"/>
</kw>
<kw name="Sleep" owner="BuiltIn">
<msg time="2025-12-27T18:42:48.412327" level="INFO">Slept 1 second.</msg>
<arg>1s</arg>
<doc>Pauses the test executed for the given time.</doc>
<status status="PASS" start="2025-12-27T18:42:47.411403" elapsed="1.001061"/>
</kw>
<kw name="Input Text" owner="SeleniumLibrary">
<msg time="2025-12-27T18:42:48.413183" level="INFO">Typing text 'Somyod' into text field 'id=firstname'.</msg>
<arg>id=firstname</arg>
<arg>Somyod</arg>
<doc>Types the given ``text`` into the text field identified by ``locator``.</doc>
<status status="PASS" start="2025-12-27T18:42:48.412777" elapsed="0.108755"/>
</kw>
<kw name="Input Text" owner="SeleniumLibrary">
<msg time="2025-12-27T18:42:48.522210" level="INFO">Typing text 'Sodsai' into text field 'id=lastname'.</msg>
<arg>id=lastname</arg>
<arg>Sodsai</arg>
<doc>Types the given ``text`` into the text field identified by ``locator``.</doc>
<status status="PASS" start="2025-12-27T18:42:48.521949" elapsed="0.099115"/>
</kw>
<kw name="Input Text" owner="SeleniumLibrary">
<msg time="2025-12-27T18:42:48.621831" level="INFO">Typing text 'CS KKU' into text field 'id=organization'.</msg>
<arg>id=organization</arg>
<arg>CS KKU</arg>
<doc>Types the given ``text`` into the text field identified by ``locator``.</doc>
<status status="PASS" start="2025-12-27T18:42:48.621492" elapsed="0.122028"/>
</kw>
<kw name="Input Text" owner="SeleniumLibrary">
<msg time="2025-12-27T18:42:48.744136" level="INFO">Typing text 'somyod@kkumail.com' into text field 'id=email'.</msg>
<arg>id=email</arg>
<arg>somyod@kkumail.com</arg>
<doc>Types the given ``text`` into the text field identified by ``locator``.</doc>
<status status="PASS" start="2025-12-27T18:42:48.743872" elapsed="0.163554"/>
</kw>
<kw name="Input Text" owner="SeleniumLibrary">
<msg time="2025-12-27T18:42:48.908210" level="INFO">Typing text '1234' into text field 'id=phone'.</msg>
<arg>id=phone</arg>
<arg>1234</arg>
<doc>Types the given ``text`` into the text field identified by ``locator``.</doc>
<status status="PASS" start="2025-12-27T18:42:48.907899" elapsed="0.133354"/>
</kw>
<kw name="Click Button" owner="SeleniumLibrary">
<msg time="2025-12-27T18:42:49.042046" level="INFO">Clicking button 'id=registerButton'.</msg>
<arg>id=registerButton</arg>
<doc>Clicks the button identified by ``locator``.</doc>
<status status="PASS" start="2025-12-27T18:42:49.041686" elapsed="0.096511"/>
</kw>
<kw name="Sleep" owner="BuiltIn">
<msg time="2025-12-27T18:42:50.140138" level="INFO">Slept 1 second.</msg>
<arg>1s</arg>
<doc>Pauses the test executed for the given time.</doc>
<status status="PASS" start="2025-12-27T18:42:49.139044" elapsed="1.001230"/>
</kw>
<kw name="Title Should Be" owner="SeleniumLibrary">
<msg time="2025-12-27T18:42:50.144958" level="INFO">Page title is 'Registration'.</msg>
<arg>Registration</arg>
<doc>Verifies that the current page title equals ``title``.</doc>
<status status="PASS" start="2025-12-27T18:42:50.140670" elapsed="0.004360"/>
</kw>
<kw name="Page Should Contain" owner="SeleniumLibrary">
<msg time="2025-12-27T18:42:50.157383" level="INFO">Current page contains text 'Please enter a valid phone number!!'.</msg>
<arg>Please enter a valid phone number!!</arg>
<doc>Verifies that current page contains ``text``.</doc>
<status status="PASS" start="2025-12-27T18:42:50.145334" elapsed="0.012145"/>
</kw>
<kw name="Close Browser" owner="SeleniumLibrary">
<doc>Closes the current browser.</doc>
<status status="PASS" start="2025-12-27T18:42:50.157755" elapsed="2.190475"/>
</kw>
<status status="PASS" start="2025-12-27T18:42:45.927994" elapsed="6.420585"/>
</test>
<status status="PASS" start="2025-12-27T18:42:45.568571" elapsed="6.780717"/>
</suite>
<statistics>
<total>
<stat pass="1" fail="0" skip="0">All Tests</stat>
</total>
<tag>
</tag>
<suite>
<stat name="Lab08" id="s1" pass="1" fail="0" skip="0">Lab08</stat>
</suite>
</statistics>
<errors>
</errors>
</robot>
